<?xml version="1.0" encoding="UTF-8"?>
<testng-results ignored="0" total="1" passed="0" failed="1" skipped="0">
  <reporter-output>
  </reporter-output>
  <suite started-at="2022-11-11T04:23:56 IST" name="Suite" finished-at="2022-11-11T04:24:14 IST" duration-ms="18679">
    <groups>
      <group name="Sanity">
        <method signature="AccountCreationPageTest.createAnAccountTest(java.lang.String,java.lang.String,java.lang.String,java.lang.String,java.lang.String)[pri:0, instance:com.onlinestore.testcases.AccountCreationPageTest@723ca036]" name="createAnAccountTest" class="com.onlinestore.testcases.AccountCreationPageTest"/>
      </group> <!-- Sanity -->
    </groups>
    <test started-at="2022-11-11T04:23:56 IST" name="Account Creation Test" finished-at="2022-11-11T04:24:14 IST" duration-ms="18679">
      <class name="com.onlinestore.testcases.AccountCreationPageTest">
        <test-method is-config="true" signature="BeforeSuite()[pri:0, instance:com.onlinestore.testcases.AccountCreationPageTest@723ca036]" started-at="2022-11-11T04:23:55 IST" name="BeforeSuite" finished-at="2022-11-11T04:23:56 IST" duration-ms="93" status="PASS">
          <reporter-output>
          </reporter-output>
        </test-method> <!-- BeforeSuite -->
        <test-method is-config="true" signature="setup(java.lang.String)[pri:0, instance:com.onlinestore.testcases.AccountCreationPageTest@723ca036]" started-at="2022-11-11T04:23:56 IST" name="setup" finished-at="2022-11-11T04:24:03 IST" duration-ms="6784" status="PASS">
          <params>
            <param index="0">
              <value>
                <![CDATA[Chrome]]>
              </value>
            </param>
          </params>
          <reporter-output>
          </reporter-output>
        </test-method> <!-- setup -->
        <test-method signature="createAnAccountTest(java.lang.String,java.lang.String,java.lang.String,java.lang.String,java.lang.String)[pri:0, instance:com.onlinestore.testcases.AccountCreationPageTest@723ca036]" started-at="2022-11-11T04:24:03 IST" name="createAnAccountTest" data-provider="newUserInformation" finished-at="2022-11-11T04:24:13 IST" duration-ms="9684" status="FAIL">
          <params>
            <param index="0">
              <value>
                <![CDATA[nono]]>
              </value>
            </param>
            <param index="1">
              <value>
                <![CDATA[kareem]]>
              </value>
            </param>
            <param index="2">
              <value>
                <![CDATA[nono@gmail.com]]>
              </value>
            </param>
            <param index="3">
              <value>
                <![CDATA[Lion@735146]]>
              </value>
            </param>
            <param index="4">
              <value>
                <![CDATA[Lion@735146]]>
              </value>
            </param>
          </params>
          <exception class="java.lang.AssertionError">
            <message>
              <![CDATA[expected [true] but found [false]]]>
            </message>
            <full-stacktrace>
              <![CDATA[java.lang.AssertionError: expected [true] but found [false]
at org.testng.Assert.fail(Assert.java:99)
at org.testng.Assert.failNotEquals(Assert.java:1037)
at org.testng.Assert.assertTrue(Assert.java:45)
at org.testng.Assert.assertTrue(Assert.java:55)
at com.onlinestore.testcases.AccountCreationPageTest.createAnAccountTest(AccountCreationPageTest.java:26)
at java.base/jdk.internal.reflect.DirectMethodHandleAccessor.invoke(DirectMethodHandleAccessor.java:104)
at java.base/java.lang.reflect.Method.invoke(Method.java:578)
at org.testng.internal.MethodInvocationHelper.invokeMethod(MethodInvocationHelper.java:133)
at org.testng.internal.TestInvoker.invokeMethod(TestInvoker.java:598)
at org.testng.internal.TestInvoker.invokeTestMethod(TestInvoker.java:173)
at org.testng.internal.MethodRunner.runInSequence(MethodRunner.java:46)
at org.testng.internal.TestInvoker$MethodInvocationAgent.invoke(TestInvoker.java:824)
at org.testng.internal.TestInvoker.invokeTestMethods(TestInvoker.java:146)
at org.testng.internal.TestMethodWorker.invokeTestMethods(TestMethodWorker.java:146)
at org.testng.internal.TestMethodWorker.run(TestMethodWorker.java:128)
at java.base/java.util.ArrayList.forEach(ArrayList.java:1511)
at org.testng.TestRunner.privateRun(TestRunner.java:794)
at org.testng.TestRunner.run(TestRunner.java:596)
at org.testng.SuiteRunner.runTest(SuiteRunner.java:377)
at org.testng.SuiteRunner.runSequentially(SuiteRunner.java:371)
at org.testng.SuiteRunner.privateRun(SuiteRunner.java:332)
at org.testng.SuiteRunner.run(SuiteRunner.java:276)
at org.testng.SuiteRunnerWorker.runSuite(SuiteRunnerWorker.java:53)
at org.testng.SuiteRunnerWorker.run(SuiteRunnerWorker.java:96)
at org.testng.TestNG.runSuitesSequentially(TestNG.java:1212)
at org.testng.TestNG.runSuitesLocally(TestNG.java:1134)
at org.testng.TestNG.runSuites(TestNG.java:1063)
at org.testng.TestNG.run(TestNG.java:1031)
at org.testng.remote.AbstractRemoteTestNG.run(AbstractRemoteTestNG.java:115)
at org.testng.remote.RemoteTestNG.initAndRun(RemoteTestNG.java:251)
at org.testng.remote.RemoteTestNG.main(RemoteTestNG.java:77)
]]>
            </full-stacktrace>
          </exception> <!-- java.lang.AssertionError -->
          <reporter-output>
          </reporter-output>
        </test-method> <!-- createAnAccountTest -->
        <test-method is-config="true" signature="tearDown()[pri:0, instance:com.onlinestore.testcases.AccountCreationPageTest@723ca036]" started-at="2022-11-11T04:24:13 IST" name="tearDown" finished-at="2022-11-11T04:24:14 IST" duration-ms="959" status="PASS">
          <reporter-output>
          </reporter-output>
        </test-method> <!-- tearDown -->
      </class> <!-- com.onlinestore.testcases.AccountCreationPageTest -->
    </test> <!-- Account Creation Test -->
  </suite> <!-- Suite -->
</testng-results>
