<?xml version="1.0" encoding="UTF-8"?>
<!-- Generated by org.testng.reporters.JUnitXMLReporter -->
<testsuite ignored="0" hostname="LAPTOP-I43PEHL8" failures="1" tests="1" name="Account Creation Test" time="18.679" errors="0" timestamp="2022-11-11T04:24:14 IST">
  <testcase classname="com.onlinestore.testcases.AccountCreationPageTest" name="createAnAccountTest" time="9.684">
    <failure type="java.lang.AssertionError" message="expected [true] but found [false]">
      <![CDATA[java.lang.AssertionError: expected [true] but found [false]
at com.onlinestore.testcases.AccountCreationPageTest.createAnAccountTest(AccountCreationPageTest.java:26)
at java.base/java.util.ArrayList.forEach(ArrayList.java:1511)
... Removed 29 stack frames]]>
    </failure>
  </testcase> <!-- createAnAccountTest -->
</testsuite> <!-- Account Creation Test -->
