<?xml version="1.0" encoding="UTF-8"?>
<!-- Generated by org.testng.reporters.JUnitXMLReporter -->
<testsuite ignored="17" hostname="LAPTOP-I43PEHL8" failures="1" tests="3" name="Sanity" time="58.11" errors="0" timestamp="2022-11-11T03:41:11 IST">
  <testcase classname="com.onlinestore.testcases.AddToCartPageTest" name="addToCartTest" time="22.838"/>
  <testcase classname="com.onlinestore.testcases.AccountCreationPageTest" name="createAnAccountTest" time="9.897">
    <failure type="java.lang.AssertionError" message="expected [true] but found [false]">
      <![CDATA[java.lang.AssertionError: expected [true] but found [false]
at com.onlinestore.testcases.AccountCreationPageTest.createAnAccountTest(AccountCreationPageTest.java:24)
at java.base/java.util.ArrayList.forEach(ArrayList.java:1511)
... Removed 29 stack frames]]>
    </failure>
  </testcase> <!-- createAnAccountTest -->
  <testcase classname="com.onlinestore.testcases.LoginPageTest" name="loginTest" time="5.021"/>
  <testcase classname="com.onlinestore.testcases.IndexPageTest" name="verifyTitle" time="0.0">
    <ignored/>
  </testcase> <!-- verifyTitle -->
  <testcase classname="com.onlinestore.testcases.SearchResultPageTest" name="productAvailabilityTest" time="0.0">
    <ignored/>
  </testcase> <!-- productAvailabilityTest -->
  <testcase classname="com.onlinestore.testcases.HomePageTest" name="verifyUserLoggedIn" time="0.0">
    <ignored/>
  </testcase> <!-- verifyUserLoggedIn -->
  <testcase classname="com.onlinestore.testcases.EndToEndTest" name="endToEndTest" time="0.0">
    <ignored/>
  </testcase> <!-- endToEndTest -->
  <testcase classname="com.onlinestore.base.BaseClass" name="@BeforeSuite BeforeSuite" time="0.0">
    <ignored/>
  </testcase> <!-- @BeforeSuite BeforeSuite -->
  <testcase classname="com.onlinestore.base.BaseClass" name="@BeforeSuite BeforeSuite" time="0.0">
    <ignored/>
  </testcase> <!-- @BeforeSuite BeforeSuite -->
  <testcase classname="com.onlinestore.base.BaseClass" name="@BeforeSuite BeforeSuite" time="0.0">
    <ignored/>
  </testcase> <!-- @BeforeSuite BeforeSuite -->
  <testcase classname="com.onlinestore.base.BaseClass" name="@BeforeSuite BeforeSuite" time="0.0">
    <ignored/>
  </testcase> <!-- @BeforeSuite BeforeSuite -->
  <testcase classname="com.onlinestore.base.BaseClass" name="@BeforeSuite BeforeSuite" time="0.0">
    <ignored/>
  </testcase> <!-- @BeforeSuite BeforeSuite -->
  <testcase classname="com.onlinestore.base.BaseClass" name="@BeforeSuite BeforeSuite" time="0.0">
    <ignored/>
  </testcase> <!-- @BeforeSuite BeforeSuite -->
  <testcase classname="com.onlinestore.base.BaseClass" name="@BeforeSuite BeforeSuite" time="0.0">
    <ignored/>
  </testcase> <!-- @BeforeSuite BeforeSuite -->
  <testcase classname="com.onlinestore.base.BaseClass" name="@BeforeSuite BeforeSuite" time="0.0">
    <ignored/>
  </testcase> <!-- @BeforeSuite BeforeSuite -->
  <testcase classname="com.onlinestore.base.BaseClass" name="@BeforeSuite BeforeSuite" time="0.0">
    <ignored/>
  </testcase> <!-- @BeforeSuite BeforeSuite -->
  <testcase classname="com.onlinestore.testcases.ShippingAddressPageTest" name="verifyShippingAddressPage" time="0.0">
    <ignored/>
  </testcase> <!-- verifyShippingAddressPage -->
  <testcase classname="com.onlinestore.testcases.PaymentPageTest" name="verifyPaymentPage" time="0.0">
    <ignored/>
  </testcase> <!-- verifyPaymentPage -->
  <testcase classname="com.onlinestore.testcases.IndexPageTest" name="verifyLogo" time="0.0">
    <ignored/>
  </testcase> <!-- verifyLogo -->
  <testcase classname="com.onlinestore.testcases.ShoppingCartPageTest" name="verifyTotalPrice" time="0.0">
    <ignored/>
  </testcase> <!-- verifyTotalPrice -->
</testsuite> <!-- Sanity -->
