<?xml version="1.0" encoding="UTF-8"?>
<!-- Generated by org.testng.reporters.JUnitXMLReporter -->
<testsuite ignored="9" hostname="LAPTOP-I43PEHL8" failures="1" tests="12" name="Test All" time="334.141" errors="0" timestamp="2022-11-11T03:52:01 IST">
  <testcase classname="com.onlinestore.testcases.ShippingAddressPageTest" name="verifyShippingAddressPage" time="40.919"/>
  <testcase classname="com.onlinestore.testcases.HomePageTest" name="verifyUserLoggedIn" time="5.213"/>
  <testcase classname="com.onlinestore.testcases.ShoppingCartPageTest" name="verifyTotalPrice" time="26.443"/>
  <testcase classname="com.onlinestore.testcases.AddToCartPageTest" name="addToCartTest" time="25.152"/>
  <testcase classname="com.onlinestore.testcases.SearchResultPageTest" name="productAvailabilityTest" time="14.748"/>
  <testcase classname="com.onlinestore.testcases.SearchResultPageTest" name="productAvailabilityTest" time="15.081"/>
  <testcase classname="com.onlinestore.testcases.AccountCreationPageTest" name="createAnAccountTest" time="9.621">
    <failure type="java.lang.AssertionError" message="expected [true] but found [false]">
      <![CDATA[java.lang.AssertionError: expected [true] but found [false]
at com.onlinestore.testcases.AccountCreationPageTest.createAnAccountTest(AccountCreationPageTest.java:24)
at java.base/java.util.ArrayList.forEach(ArrayList.java:1511)
... Removed 29 stack frames]]>
    </failure>
  </testcase> <!-- createAnAccountTest -->
  <testcase classname="com.onlinestore.testcases.LoginPageTest" name="loginTest" time="5.536"/>
  <testcase classname="com.onlinestore.testcases.PaymentPageTest" name="verifyPaymentPage" time="47.164"/>
  <testcase classname="com.onlinestore.testcases.IndexPageTest" name="verifyLogo" time="0.055"/>
  <testcase classname="com.onlinestore.testcases.IndexPageTest" name="verifyTitle" time="0.011"/>
  <testcase classname="com.onlinestore.testcases.EndToEndTest" name="endToEndTest" time="70.229"/>
  <testcase classname="com.onlinestore.base.BaseClass" name="@BeforeSuite BeforeSuite" time="0.0">
    <ignored/>
  </testcase> <!-- @BeforeSuite BeforeSuite -->
  <testcase classname="com.onlinestore.base.BaseClass" name="@BeforeSuite BeforeSuite" time="0.0">
    <ignored/>
  </testcase> <!-- @BeforeSuite BeforeSuite -->
  <testcase classname="com.onlinestore.base.BaseClass" name="@BeforeSuite BeforeSuite" time="0.0">
    <ignored/>
  </testcase> <!-- @BeforeSuite BeforeSuite -->
  <testcase classname="com.onlinestore.base.BaseClass" name="@BeforeSuite BeforeSuite" time="0.0">
    <ignored/>
  </testcase> <!-- @BeforeSuite BeforeSuite -->
  <testcase classname="com.onlinestore.base.BaseClass" name="@BeforeSuite BeforeSuite" time="0.0">
    <ignored/>
  </testcase> <!-- @BeforeSuite BeforeSuite -->
  <testcase classname="com.onlinestore.base.BaseClass" name="@BeforeSuite BeforeSuite" time="0.0">
    <ignored/>
  </testcase> <!-- @BeforeSuite BeforeSuite -->
  <testcase classname="com.onlinestore.base.BaseClass" name="@BeforeSuite BeforeSuite" time="0.0">
    <ignored/>
  </testcase> <!-- @BeforeSuite BeforeSuite -->
  <testcase classname="com.onlinestore.base.BaseClass" name="@BeforeSuite BeforeSuite" time="0.0">
    <ignored/>
  </testcase> <!-- @BeforeSuite BeforeSuite -->
  <testcase classname="com.onlinestore.base.BaseClass" name="@BeforeSuite BeforeSuite" time="0.0">
    <ignored/>
  </testcase> <!-- @BeforeSuite BeforeSuite -->
</testsuite> <!-- Test All -->
