<html>
<head>
<title>TestNG:  Test All</title>
<link href="../testng.css" rel="stylesheet" type="text/css" />
<link href="../my-testng.css" rel="stylesheet" type="text/css" />

<style type="text/css">
.log { display: none;} 
.stack-trace { display: none;} 
</style>
<script type="text/javascript">
<!--
function flip(e) {
  current = e.style.display;
  if (current == 'block') {
    e.style.display = 'none';
    return 0;
  }
  else {
    e.style.display = 'block';
    return 1;
  }
}

function toggleBox(szDivId, elem, msg1, msg2)
{
  var res = -1;  if (document.getElementById) {
    res = flip(document.getElementById(szDivId));
  }
  else if (document.all) {
    // this is the way old msie versions work
    res = flip(document.all[szDivId]);
  }
  if(elem) {
    if(res == 0) elem.innerHTML = msg1; else elem.innerHTML = msg2;
  }

}

function toggleAllBoxes() {
  if (document.getElementsByTagName) {
    d = document.getElementsByTagName('div');
    for (i = 0; i < d.length; i++) {
      if (d[i].className == 'log') {
        flip(d[i]);
      }
    }
  }
}

// -->
</script>

</head>
<body>
<h2 align='center'>Test All</h2><table border='1' align="center">
<tr>
<td>Tests passed/Failed/Skipped:</td><td>11/1/0</td>
</tr><tr>
<td>Started on:</td><td>Fri Nov 11 03:46:27 IST 2022</td>
</tr>
<tr><td>Total time:</td><td>334 seconds (334141 ms)</td>
</tr><tr>
<td>Included groups:</td><td></td>
</tr><tr>
<td>Excluded groups:</td><td></td>
</tr>
</table><p/>
<small><i>(Hover the method name to see the test class name)</i></small><p/>
<table width='100%' border='1' class='invocation-failed'>
<tr><td colspan='4' align='center'><b>FAILED TESTS</b></td></tr>
<tr><td><b>Test method</b></td>
<td width="30%"><b>Exception</b></td>
<td width="10%"><b>Time (seconds)</b></td>
<td><b>Instance</b></td>
</tr>
<tr>
<td title='com.onlinestore.testcases.AccountCreationPageTest.createAnAccountTest()'><b>createAnAccountTest</b><br>Test class: com.onlinestore.testcases.AccountCreationPageTest<br>Parameters: nono, kareem, nono@gmail.com, Lion@735146, Lion@735146</td>
<td><div><pre>java.lang.AssertionError: expected [true] but found [false]
	at com.onlinestore.testcases.AccountCreationPageTest.createAnAccountTest(AccountCreationPageTest.java:24)
	at java.base/java.util.ArrayList.forEach(ArrayList.java:1511)
... Removed 29 stack frames</pre></div><a href='#' onClick='toggleBox("stack-trace1977656652", this, "Click to show all stack frames", "Click to hide stack frames")'>Click to show all stack frames</a>
<div class='stack-trace' id='stack-trace1977656652'><pre>java.lang.AssertionError: expected [true] but found [false]
	at org.testng.Assert.fail(Assert.java:99)
	at org.testng.Assert.failNotEquals(Assert.java:1037)
	at org.testng.Assert.assertTrue(Assert.java:45)
	at org.testng.Assert.assertTrue(Assert.java:55)
	at com.onlinestore.testcases.AccountCreationPageTest.createAnAccountTest(AccountCreationPageTest.java:24)
	at java.base/jdk.internal.reflect.DirectMethodHandleAccessor.invoke(DirectMethodHandleAccessor.java:104)
	at java.base/java.lang.reflect.Method.invoke(Method.java:578)
	at org.testng.internal.MethodInvocationHelper.invokeMethod(MethodInvocationHelper.java:133)
	at org.testng.internal.TestInvoker.invokeMethod(TestInvoker.java:598)
	at org.testng.internal.TestInvoker.invokeTestMethod(TestInvoker.java:173)
	at org.testng.internal.MethodRunner.runInSequence(MethodRunner.java:46)
	at org.testng.internal.TestInvoker$MethodInvocationAgent.invoke(TestInvoker.java:824)
	at org.testng.internal.TestInvoker.invokeTestMethods(TestInvoker.java:146)
	at org.testng.internal.TestMethodWorker.invokeTestMethods(TestMethodWorker.java:146)
	at org.testng.internal.TestMethodWorker.run(TestMethodWorker.java:128)
	at java.base/java.util.ArrayList.forEach(ArrayList.java:1511)
	at org.testng.TestRunner.privateRun(TestRunner.java:794)
	at org.testng.TestRunner.run(TestRunner.java:596)
	at org.testng.SuiteRunner.runTest(SuiteRunner.java:377)
	at org.testng.SuiteRunner.runSequentially(SuiteRunner.java:371)
	at org.testng.SuiteRunner.privateRun(SuiteRunner.java:332)
	at org.testng.SuiteRunner.run(SuiteRunner.java:276)
	at org.testng.SuiteRunnerWorker.runSuite(SuiteRunnerWorker.java:53)
	at org.testng.SuiteRunnerWorker.run(SuiteRunnerWorker.java:96)
	at org.testng.TestNG.runSuitesSequentially(TestNG.java:1212)
	at org.testng.TestNG.runSuitesLocally(TestNG.java:1134)
	at org.testng.TestNG.runSuites(TestNG.java:1063)
	at org.testng.TestNG.run(TestNG.java:1031)
	at org.testng.remote.AbstractRemoteTestNG.run(AbstractRemoteTestNG.java:115)
	at org.testng.remote.RemoteTestNG.initAndRun(RemoteTestNG.java:251)
	at org.testng.remote.RemoteTestNG.main(RemoteTestNG.java:77)
</pre></div></td>
<td>9</td>
<td>com.onlinestore.testcases.AccountCreationPageTest@5b799640</td></tr>
</table><p>
<table width='100%' border='1' class='invocation-passed'>
<tr><td colspan='4' align='center'><b>PASSED TESTS</b></td></tr>
<tr><td><b>Test method</b></td>
<td width="30%"><b>Exception</b></td>
<td width="10%"><b>Time (seconds)</b></td>
<td><b>Instance</b></td>
</tr>
<tr>
<td title='com.onlinestore.testcases.ShoppingCartPageTest.verifyTotalPrice()'><b>verifyTotalPrice</b><br>Test class: com.onlinestore.testcases.ShoppingCartPageTest</td>
<td></td>
<td>26</td>
<td>com.onlinestore.testcases.ShoppingCartPageTest@5965d37</td></tr>
<tr>
<td title='com.onlinestore.testcases.SearchResultPageTest.productAvailabilityTest()'><b>productAvailabilityTest</b><br>Test class: com.onlinestore.testcases.SearchResultPageTest<br>Parameters: shorts</td>
<td></td>
<td>15</td>
<td>com.onlinestore.testcases.SearchResultPageTest@4201c465</td></tr>
<tr>
<td title='com.onlinestore.testcases.IndexPageTest.verifyTitle()'><b>verifyTitle</b><br>Test class: com.onlinestore.testcases.IndexPageTest</td>
<td></td>
<td>0</td>
<td>com.onlinestore.testcases.IndexPageTest@3de8f619</td></tr>
<tr>
<td title='com.onlinestore.testcases.ShippingAddressPageTest.verifyShippingAddressPage()'><b>verifyShippingAddressPage</b><br>Test class: com.onlinestore.testcases.ShippingAddressPageTest</td>
<td></td>
<td>40</td>
<td>com.onlinestore.testcases.ShippingAddressPageTest@4f32a3ad</td></tr>
<tr>
<td title='com.onlinestore.testcases.HomePageTest.verifyUserLoggedIn()'><b>verifyUserLoggedIn</b><br>Test class: com.onlinestore.testcases.HomePageTest</td>
<td></td>
<td>5</td>
<td>com.onlinestore.testcases.HomePageTest@673fdbce</td></tr>
<tr>
<td title='com.onlinestore.testcases.SearchResultPageTest.productAvailabilityTest()'><b>productAvailabilityTest</b><br>Test class: com.onlinestore.testcases.SearchResultPageTest<br>Parameters: T shirt</td>
<td></td>
<td>14</td>
<td>com.onlinestore.testcases.SearchResultPageTest@4201c465</td></tr>
<tr>
<td title='com.onlinestore.testcases.PaymentPageTest.verifyPaymentPage()'><b>verifyPaymentPage</b><br>Test class: com.onlinestore.testcases.PaymentPageTest</td>
<td></td>
<td>47</td>
<td>com.onlinestore.testcases.PaymentPageTest@710636b0</td></tr>
<tr>
<td title='com.onlinestore.testcases.IndexPageTest.verifyLogo()'><b>verifyLogo</b><br>Test class: com.onlinestore.testcases.IndexPageTest</td>
<td></td>
<td>0</td>
<td>com.onlinestore.testcases.IndexPageTest@3de8f619</td></tr>
<tr>
<td title='com.onlinestore.testcases.LoginPageTest.loginTest()'><b>loginTest</b><br>Test class: com.onlinestore.testcases.LoginPageTest<br>Parameters: yamen@gmail.com, Lion@735146</td>
<td></td>
<td>5</td>
<td>com.onlinestore.testcases.LoginPageTest@6cb107fd</td></tr>
<tr>
<td title='com.onlinestore.testcases.AddToCartPageTest.addToCartTest()'><b>addToCartTest</b><br>Test class: com.onlinestore.testcases.AddToCartPageTest</td>
<td></td>
<td>25</td>
<td>com.onlinestore.testcases.AddToCartPageTest@7a5ceedd</td></tr>
<tr>
<td title='com.onlinestore.testcases.EndToEndTest.endToEndTest()'><b>endToEndTest</b><br>Test class: com.onlinestore.testcases.EndToEndTest<br>Parameters: yamen@gmail.com, Lion@735146</td>
<td></td>
<td>70</td>
<td>com.onlinestore.testcases.EndToEndTest@2ab4bc72</td></tr>
</table><p>
</body>
</html>